<?xml version="1.0" encoding="UTF-8"?>
<!-- Generated by org.testng.reporters.JUnitReportReporter -->
<testsuite hostname="Shivam-Sinha-HJXG97JPKQ.local" failures="0" tests="1" name="testcases.LoginTest" time="2.550" errors="0" timestamp="2024-04-29T16:07:54 IST" skipped="0">
  <testcase classname="testcases.LoginTest" name="loginAsBankManager" time="2.550"/>
  <system-out/>
</testsuite> <!-- testcases.LoginTest -->
