<?xml version="1.0" encoding="UTF-8"?>
<!-- Generated by org.testng.reporters.JUnitReportReporter -->
<testsuite hostname="Shivam-Sinha-HJXG97JPKQ.local" failures="0" tests="1" name="testcases.AddCustomerTest" time="25.562" errors="0" timestamp="2024-04-29T16:07:54 IST" skipped="0">
  <testcase classname="testcases.AddCustomerTest" name="addCustomer" time="25.562"/>
  <system-out>
    <![CDATA[<a target = "_blank" href = "./ss.jpg">ss</a>
<br>
<a target = "_blank" href = ".//ss.jpg"><img src="./ss.jpg" height=200 width=200> </img></a>]]>
  </system-out>
</testsuite> <!-- testcases.AddCustomerTest -->
